<?xml version="1.0" encoding="UTF-8"?>
<!-- Generated by org.testng.reporters.JUnitXMLReporter -->
<testsuite ignored="0" hostname="mac-sur-MacBook-Pro.local" failures="0" tests="20" name="Surefire test" time="0.145" errors="0" timestamp="2021-12-06T16:47:45 SGT">
  <testcase classname="ibf2021.d2.TestBankAccount" name="testDeposit_nameOnly_NormalCondition" time="0.004"/>
  <testcase classname="ibf2021.d2.TestBankAccount" name="testDeposit_nameandBalance_NormalCondition" time="0.001"/>
  <testcase classname="ibf2021.d2.TestBankAccount" name="testTransactionHistory_nameAndBalance" time="0.0"/>
  <testcase classname="ibf2021.d2.TestBankAccount" name="testTransactionHistory_nameOnly" time="0.001"/>
  <testcase classname="ibf2021.d2.TestBankAccount" name="testWithdraw_nameAndBalance_NormalCondition" time="0.002"/>
  <testcase classname="ibf2021.d2.TestBankAccount" name="testWithdraw_nameOnly_NormalCondition" time="0.001"/>
  <testcase classname="ibf2021.d2.TestBankAccount" name="testgetBalance_nameAndBalance" time="0.0"/>
  <testcase classname="ibf2021.d2.TestBankAccount" name="testgetBalance_nameOnly" time="0.0"/>
  <testcase classname="ibf2021.d2.TestFixedAccount" name="testDeposit_cons1" time="0.001"/>
  <testcase classname="ibf2021.d2.TestFixedAccount" name="testDeposit_cons2" time="0.001"/>
  <testcase classname="ibf2021.d2.TestFixedAccount" name="testDeposit_cons3" time="0.001"/>
  <testcase classname="ibf2021.d2.TestFixedAccount" name="testDurationChange_cons1" time="0.0"/>
  <testcase classname="ibf2021.d2.TestFixedAccount" name="testDurationChange_cons2" time="0.029"/>
  <testcase classname="ibf2021.d2.TestFixedAccount" name="testDurationChange_cons3" time="0.0"/>
  <testcase classname="ibf2021.d2.TestFixedAccount" name="testInterestChange_cons1" time="0.0"/>
  <testcase classname="ibf2021.d2.TestFixedAccount" name="testInterestChange_cons2" time="0.0"/>
  <testcase classname="ibf2021.d2.TestFixedAccount" name="testInterestChange_cons3" time="0.0"/>
  <testcase classname="ibf2021.d2.TestFixedAccount" name="testWithdraw_cons1" time="0.0"/>
  <testcase classname="ibf2021.d2.TestFixedAccount" name="testWithdraw_cons2" time="0.0"/>
  <testcase classname="ibf2021.d2.TestFixedAccount" name="testWithdraw_cons3" time="0.0"/>
</testsuite> <!-- Surefire test -->
