<?xml version="1.0" encoding="UTF-8"?>
<testsuite xmlns:xsi="http://www.w3.org/2001/XMLSchema-instance" xsi:noNamespaceSchemaLocation="https://maven.apache.org/surefire/maven-surefire-plugin/xsd/surefire-test-report.xsd" name="TestSuite" time="6.141" tests="20" errors="0" skipped="0" failures="0">
  <properties>
[...]
</properties>
  <testcase name="testDeposit_nameOnly_NormalCondition" classname="ibf2021.d2.TestBankAccount" time="0.008"/>
  <testcase name="testDeposit_nameandBalance_NormalCondition" classname="ibf2021.d2.TestBankAccount" time="0"/>
  <testcase name="testTransactionHistory_nameAndBalance" classname="ibf2021.d2.TestBankAccount" time="0.002"/>
  <testcase name="testTransactionHistory_nameOnly" classname="ibf2021.d2.TestBankAccount" time="0"/>
  <testcase name="testWithdraw_nameAndBalance_NormalCondition" classname="ibf2021.d2.TestBankAccount" time="0"/>
  <testcase name="testWithdraw_nameOnly_NormalCondition" classname="ibf2021.d2.TestBankAccount" time="0"/>
  <testcase name="testgetBalance_nameAndBalance" classname="ibf2021.d2.TestBankAccount" time="0"/>
  <testcase name="testgetBalance_nameOnly" classname="ibf2021.d2.TestBankAccount" time="0"/>
  <testcase name="testDeposit_cons1" classname="ibf2021.d2.TestFixedAccount" time="0"/>
  <testcase name="testDeposit_cons2" classname="ibf2021.d2.TestFixedAccount" time="0.001"/>
  <testcase name="testDeposit_cons3" classname="ibf2021.d2.TestFixedAccount" time="0.001"/>
  <testcase name="testDurationChange_cons1" classname="ibf2021.d2.TestFixedAccount" time="0"/>
  <testcase name="testDurationChange_cons2" classname="ibf2021.d2.TestFixedAccount" time="0.029"/>
  <testcase name="testDurationChange_cons3" classname="ibf2021.d2.TestFixedAccount" time="0.001"/>
  <testcase name="testInterestChange_cons1" classname="ibf2021.d2.TestFixedAccount" time="0"/>
  <testcase name="testInterestChange_cons2" classname="ibf2021.d2.TestFixedAccount" time="0.001"/>
  <testcase name="testInterestChange_cons3" classname="ibf2021.d2.TestFixedAccount" time="0"/>
  <testcase name="testWithdraw_cons1" classname="ibf2021.d2.TestFixedAccount" time="0"/>
  <testcase name="testWithdraw_cons2" classname="ibf2021.d2.TestFixedAccount" time="0"/>
  <testcase name="testWithdraw_cons3" classname="ibf2021.d2.TestFixedAccount" time="0"/>
</testsuite>