<?xml version="1.0" encoding="UTF-8"?>
<testng-results total="1" passed="1" failed="0" skipped="0">
  <reporter-output>
  </reporter-output>
  <suite started-at="2021-12-03T05:38:38Z" name="Surefire suite" finished-at="2021-12-03T05:38:39Z" duration-ms="28">
    <groups>
    </groups>
    <test started-at="2021-12-03T05:38:38Z" name="Surefire test" finished-at="2021-12-03T05:38:39Z" duration-ms="28">
      <class name="ibf2021.d2.TestNgMavenExampleTest">
        <test-method signature="exampleOfTestNgMaven()[pri:0, instance:ibf2021.d2.TestNgMavenExampleTest@32709393]" started-at="2021-12-03T13:38:39Z" name="exampleOfTestNgMaven" finished-at="2021-12-03T13:38:39Z" duration-ms="9" status="PASS">
          <reporter-output>
          </reporter-output>
        </test-method> <!-- exampleOfTestNgMaven -->
      </class> <!-- ibf2021.d2.TestNgMavenExampleTest -->
    </test> <!-- Surefire test -->
  </suite> <!-- Surefire suite -->
</testng-results>
